<?xml version="1.0" encoding="UTF-8"?>
<testsuite xmlns:xsi="http://www.w3.org/2001/XMLSchema-instance" xsi:noNamespaceSchemaLocation="https://maven.apache.org/surefire/maven-surefire-plugin/xsd/surefire-test-report.xsd" name="com.pjmike.AppTest" time="0.145" tests="1" errors="0" skipped="0" failures="0">
  <properties>
    <property name="sun.desktop" value="windows"/>
    <property name="awt.toolkit" value="sun.awt.windows.WToolkit"/>
    <property name="file.encoding.pkg" value="sun.io"/>
    <property name="java.specification.version" value="1.8"/>
    <property name="sun.cpu.isalist" value="amd64"/>
    <property name="sun.jnu.encoding" value="GBK"/>
    <property name="java.class.path" value="F:\IDEAproject\netty-gateway\netty-gateway-core\target\test-classes;F:\IDEAproject\netty-gateway\netty-gateway-core\target\classes;d:\maven\maven.m2\repository\io\netty\netty-all\4.1.25.Final\netty-all-4.1.25.Final.jar;d:\maven\maven.m2\repository\org\projectlombok\lombok\1.18.4\lombok-1.18.4.jar;d:\maven\maven.m2\repository\com\alibaba\fastjson\1.2.54\fastjson-1.2.54.jar;d:\maven\maven.m2\repository\commons-lang\commons-lang\2.6\commons-lang-2.6.jar;d:\maven\maven.m2\repository\com\alibaba\csp\sentinel-core\1.7.1\sentinel-core-1.7.1.jar;d:\maven\maven.m2\repository\org\springframework\spring-core\5.2.2.RELEASE\spring-core-5.2.2.RELEASE.jar;d:\maven\maven.m2\repository\org\springframework\spring-jcl\5.2.2.RELEASE\spring-jcl-5.2.2.RELEASE.jar;d:\maven\maven.m2\repository\com\alibaba\csp\sentinel-transport-simple-http\1.7.1\sentinel-transport-simple-http-1.7.1.jar;d:\maven\maven.m2\repository\com\alibaba\csp\sentinel-transport-common\1.7.1\sentinel-transport-common-1.7.1.jar;d:\maven\maven.m2\repository\com\alibaba\csp\sentinel-datasource-extension\1.7.1\sentinel-datasource-extension-1.7.1.jar;d:\maven\maven.m2\repository\org\apache\dubbo\dubbo\2.7.3\dubbo-2.7.3.jar;d:\maven\maven.m2\repository\org\springframework\spring-context\4.3.16.RELEASE\spring-context-4.3.16.RELEASE.jar;d:\maven\maven.m2\repository\org\springframework\spring-aop\4.3.16.RELEASE\spring-aop-4.3.16.RELEASE.jar;d:\maven\maven.m2\repository\org\springframework\spring-beans\4.3.16.RELEASE\spring-beans-4.3.16.RELEASE.jar;d:\maven\maven.m2\repository\org\springframework\spring-expression\4.3.16.RELEASE\spring-expression-4.3.16.RELEASE.jar;d:\maven\maven.m2\repository\org\javassist\javassist\3.20.0-GA\javassist-3.20.0-GA.jar;d:\maven\maven.m2\repository\com\google\code\gson\gson\2.8.5\gson-2.8.5.jar;d:\maven\maven.m2\repository\org\yaml\snakeyaml\1.20\snakeyaml-1.20.jar;d:\maven\maven.m2\repository\cn\hutool\hutool-all\4.2.1\hutool-all-4.2.1.jar;d:\maven\maven.m2\repository\org\slf4j\slf4j-api\1.7.25\slf4j-api-1.7.25.jar;d:\maven\maven.m2\repository\ch\qos\logback\logback-classic\1.2.3\logback-classic-1.2.3.jar;d:\maven\maven.m2\repository\ch\qos\logback\logback-core\1.2.3\logback-core-1.2.3.jar;d:\maven\maven.m2\repository\junit\junit\4.12\junit-4.12.jar;d:\maven\maven.m2\repository\org\hamcrest\hamcrest-core\1.3\hamcrest-core-1.3.jar;d:\maven\maven.m2\repository\org\mockito\mockito-core\2.23.4\mockito-core-2.23.4.jar;d:\maven\maven.m2\repository\net\bytebuddy\byte-buddy\1.9.3\byte-buddy-1.9.3.jar;d:\maven\maven.m2\repository\net\bytebuddy\byte-buddy-agent\1.9.3\byte-buddy-agent-1.9.3.jar;d:\maven\maven.m2\repository\org\objenesis\objenesis\2.6\objenesis-2.6.jar;d:\maven\maven.m2\repository\com\google\guava\guava\23.0\guava-23.0.jar;d:\maven\maven.m2\repository\com\google\code\findbugs\jsr305\1.3.9\jsr305-1.3.9.jar;d:\maven\maven.m2\repository\com\google\errorprone\error_prone_annotations\2.0.18\error_prone_annotations-2.0.18.jar;d:\maven\maven.m2\repository\com\google\j2objc\j2objc-annotations\1.1\j2objc-annotations-1.1.jar;d:\maven\maven.m2\repository\org\codehaus\mojo\animal-sniffer-annotations\1.14\animal-sniffer-annotations-1.14.jar;d:\maven\maven.m2\repository\org\apache\httpcomponents\httpclient\4.5.6\httpclient-4.5.6.jar;d:\maven\maven.m2\repository\org\apache\httpcomponents\httpcore\4.4.10\httpcore-4.4.10.jar;d:\maven\maven.m2\repository\commons-logging\commons-logging\1.2\commons-logging-1.2.jar;d:\maven\maven.m2\repository\commons-codec\commons-codec\1.10\commons-codec-1.10.jar;"/>
    <property name="java.vm.vendor" value="Oracle Corporation"/>
    <property name="sun.arch.data.model" value="64"/>
    <property name="user.variant" value=""/>
    <property name="java.vendor.url" value="http://java.oracle.com/"/>
    <property name="user.timezone" value="Asia/Shanghai"/>
    <property name="java.vm.specification.version" value="1.8"/>
    <property name="os.name" value="Windows 10"/>
    <property name="user.country" value="CN"/>
    <property name="sun.java.launcher" value="SUN_STANDARD"/>
    <property name="sun.boot.library.path" value="C:\Program Files\Java\jdk1.8.0_121\jre\bin"/>
    <property name="sun.java.command" value="C:\Users\13572\AppData\Local\Temp\surefire3908890333681281339\surefirebooter6076924088193406139.jar C:\Users\13572\AppData\Local\Temp\surefire3908890333681281339 2020-03-06T22-16-13_045-jvmRun1 surefire6215781028251948948tmp surefire_04540345460597591732tmp"/>
    <property name="surefire.test.class.path" value="F:\IDEAproject\netty-gateway\netty-gateway-core\target\test-classes;F:\IDEAproject\netty-gateway\netty-gateway-core\target\classes;d:\maven\maven.m2\repository\io\netty\netty-all\4.1.25.Final\netty-all-4.1.25.Final.jar;d:\maven\maven.m2\repository\org\projectlombok\lombok\1.18.4\lombok-1.18.4.jar;d:\maven\maven.m2\repository\com\alibaba\fastjson\1.2.54\fastjson-1.2.54.jar;d:\maven\maven.m2\repository\commons-lang\commons-lang\2.6\commons-lang-2.6.jar;d:\maven\maven.m2\repository\com\alibaba\csp\sentinel-core\1.7.1\sentinel-core-1.7.1.jar;d:\maven\maven.m2\repository\org\springframework\spring-core\5.2.2.RELEASE\spring-core-5.2.2.RELEASE.jar;d:\maven\maven.m2\repository\org\springframework\spring-jcl\5.2.2.RELEASE\spring-jcl-5.2.2.RELEASE.jar;d:\maven\maven.m2\repository\com\alibaba\csp\sentinel-transport-simple-http\1.7.1\sentinel-transport-simple-http-1.7.1.jar;d:\maven\maven.m2\repository\com\alibaba\csp\sentinel-transport-common\1.7.1\sentinel-transport-common-1.7.1.jar;d:\maven\maven.m2\repository\com\alibaba\csp\sentinel-datasource-extension\1.7.1\sentinel-datasource-extension-1.7.1.jar;d:\maven\maven.m2\repository\org\apache\dubbo\dubbo\2.7.3\dubbo-2.7.3.jar;d:\maven\maven.m2\repository\org\springframework\spring-context\4.3.16.RELEASE\spring-context-4.3.16.RELEASE.jar;d:\maven\maven.m2\repository\org\springframework\spring-aop\4.3.16.RELEASE\spring-aop-4.3.16.RELEASE.jar;d:\maven\maven.m2\repository\org\springframework\spring-beans\4.3.16.RELEASE\spring-beans-4.3.16.RELEASE.jar;d:\maven\maven.m2\repository\org\springframework\spring-expression\4.3.16.RELEASE\spring-expression-4.3.16.RELEASE.jar;d:\maven\maven.m2\repository\org\javassist\javassist\3.20.0-GA\javassist-3.20.0-GA.jar;d:\maven\maven.m2\repository\com\google\code\gson\gson\2.8.5\gson-2.8.5.jar;d:\maven\maven.m2\repository\org\yaml\snakeyaml\1.20\snakeyaml-1.20.jar;d:\maven\maven.m2\repository\cn\hutool\hutool-all\4.2.1\hutool-all-4.2.1.jar;d:\maven\maven.m2\repository\org\slf4j\slf4j-api\1.7.25\slf4j-api-1.7.25.jar;d:\maven\maven.m2\repository\ch\qos\logback\logback-classic\1.2.3\logback-classic-1.2.3.jar;d:\maven\maven.m2\repository\ch\qos\logback\logback-core\1.2.3\logback-core-1.2.3.jar;d:\maven\maven.m2\repository\junit\junit\4.12\junit-4.12.jar;d:\maven\maven.m2\repository\org\hamcrest\hamcrest-core\1.3\hamcrest-core-1.3.jar;d:\maven\maven.m2\repository\org\mockito\mockito-core\2.23.4\mockito-core-2.23.4.jar;d:\maven\maven.m2\repository\net\bytebuddy\byte-buddy\1.9.3\byte-buddy-1.9.3.jar;d:\maven\maven.m2\repository\net\bytebuddy\byte-buddy-agent\1.9.3\byte-buddy-agent-1.9.3.jar;d:\maven\maven.m2\repository\org\objenesis\objenesis\2.6\objenesis-2.6.jar;d:\maven\maven.m2\repository\com\google\guava\guava\23.0\guava-23.0.jar;d:\maven\maven.m2\repository\com\google\code\findbugs\jsr305\1.3.9\jsr305-1.3.9.jar;d:\maven\maven.m2\repository\com\google\errorprone\error_prone_annotations\2.0.18\error_prone_annotations-2.0.18.jar;d:\maven\maven.m2\repository\com\google\j2objc\j2objc-annotations\1.1\j2objc-annotations-1.1.jar;d:\maven\maven.m2\repository\org\codehaus\mojo\animal-sniffer-annotations\1.14\animal-sniffer-annotations-1.14.jar;d:\maven\maven.m2\repository\org\apache\httpcomponents\httpclient\4.5.6\httpclient-4.5.6.jar;d:\maven\maven.m2\repository\org\apache\httpcomponents\httpcore\4.4.10\httpcore-4.4.10.jar;d:\maven\maven.m2\repository\commons-logging\commons-logging\1.2\commons-logging-1.2.jar;d:\maven\maven.m2\repository\commons-codec\commons-codec\1.10\commons-codec-1.10.jar;"/>
    <property name="sun.cpu.endian" value="little"/>
    <property name="user.home" value="C:\Users\13572"/>
    <property name="user.language" value="zh"/>
    <property name="java.specification.vendor" value="Oracle Corporation"/>
    <property name="java.home" value="C:\Program Files\Java\jdk1.8.0_121\jre"/>
    <property name="basedir" value="F:\IDEAproject\netty-gateway\netty-gateway-core"/>
    <property name="file.separator" value="\"/>
    <property name="line.separator" value="&#10;"/>
    <property name="java.vm.specification.vendor" value="Oracle Corporation"/>
    <property name="java.specification.name" value="Java Platform API Specification"/>
    <property name="java.awt.graphicsenv" value="sun.awt.Win32GraphicsEnvironment"/>
    <property name="surefire.real.class.path" value="C:\Users\13572\AppData\Local\Temp\surefire3908890333681281339\surefirebooter6076924088193406139.jar"/>
    <property name="sun.boot.class.path" value="C:\Program Files\Java\jdk1.8.0_121\jre\lib\resources.jar;C:\Program Files\Java\jdk1.8.0_121\jre\lib\rt.jar;C:\Program Files\Java\jdk1.8.0_121\jre\lib\sunrsasign.jar;C:\Program Files\Java\jdk1.8.0_121\jre\lib\jsse.jar;C:\Program Files\Java\jdk1.8.0_121\jre\lib\jce.jar;C:\Program Files\Java\jdk1.8.0_121\jre\lib\charsets.jar;C:\Program Files\Java\jdk1.8.0_121\jre\lib\jfr.jar;C:\Program Files\Java\jdk1.8.0_121\jre\classes"/>
    <property name="user.script" value=""/>
    <property name="sun.management.compiler" value="HotSpot 64-Bit Tiered Compilers"/>
    <property name="java.runtime.version" value="1.8.0_121-b13"/>
    <property name="user.name" value="13572"/>
    <property name="path.separator" value=";"/>
    <property name="os.version" value="10.0"/>
    <property name="java.endorsed.dirs" value="C:\Program Files\Java\jdk1.8.0_121\jre\lib\endorsed"/>
    <property name="java.runtime.name" value="Java(TM) SE Runtime Environment"/>
    <property name="file.encoding" value="GBK"/>
    <property name="java.vm.name" value="Java HotSpot(TM) 64-Bit Server VM"/>
    <property name="localRepository" value="d:\maven\maven.m2\repository"/>
    <property name="java.vendor.url.bug" value="http://bugreport.sun.com/bugreport/"/>
    <property name="java.io.tmpdir" value="C:\Users\13572\AppData\Local\Temp\"/>
    <property name="java.version" value="1.8.0_121"/>
    <property name="user.dir" value="F:\IDEAproject\netty-gateway\netty-gateway-core"/>
    <property name="os.arch" value="amd64"/>
    <property name="java.vm.specification.name" value="Java Virtual Machine Specification"/>
    <property name="java.awt.printerjob" value="sun.awt.windows.WPrinterJob"/>
    <property name="sun.os.patch.level" value=""/>
    <property name="java.library.path" value="C:\Program Files\Java\jdk1.8.0_121\jre\bin;C:\WINDOWS\Sun\Java\bin;C:\WINDOWS\system32;C:\WINDOWS;F:\;C:\ProgramData\Oracle\Java\javapath;C:\WINDOWS\system32;C:\WINDOWS;C:\WINDOWS\System32\Wbem;C:\WINDOWS\System32\WindowsPowerShell\v1.0\;C:\Program Files\Git\cmd;F:\matlab_2018_12_15\runtime\win64;F:\matlab_2018_12_15\bin;F:\matlab_2018_12_15\polyspace\bin;;C:\WINDOWS\System32\OpenSSH\;D:\AOMEI Backupper;C:\Program Files\nodejs\;C:\Go\bin;C:\Users\13572\.windows-build-tools\python27\;C:\Users\13572\AppData\Local\Microsoft\WindowsApps;F:\Microsoft VS Code\bin;C:\Program Files\Java\jdk1.8.0_121\bin;C:\Program Files\Java\jdk1.8.0_121\jre\bin;D:\MYSQL\bin;D:\CLion 2019.1\bin;C:\Program Files\JetBrains\IntelliJ IDEA 2019.1.1\bin;D:\maven\apache-maven-3.5.0\bin;C:\Program Files\Java\jdk1.8.0_121\lib\tools.jar;F:\Microsoft VS Code\Microsoft VS Code Insiders\bin;F:\rocketmq\rocketmq-all-4.5.2\bin;F:\gradle-6.1\bin;C:\Users\13572\AppData\Roaming\npm;C:\Users\13572\go\bin;;F:\GoLand 2019.3.3\bin;;C:\Program Files\JetBrains\IntelliJ IDEA 2019.3.3\bin;;."/>
    <property name="java.vm.info" value="mixed mode"/>
    <property name="java.vendor" value="Oracle Corporation"/>
    <property name="java.vm.version" value="25.121-b13"/>
    <property name="java.ext.dirs" value="C:\Program Files\Java\jdk1.8.0_121\jre\lib\ext;C:\WINDOWS\Sun\Java\lib\ext"/>
    <property name="sun.io.unicode.encoding" value="UnicodeLittle"/>
    <property name="java.class.version" value="52.0"/>
  </properties>
  <testcase name="shouldAnswerWithTrue" classname="com.pjmike.AppTest" time="0.001"/>
</testsuite>